<?xml version="1.0" encoding="UTF-8"?>
<testng-results ignored="0" total="2" passed="2" failed="0" skipped="0">
  <reporter-output>
    <line>
      <![CDATA[customer created sucessfully]]>
    </line>
  </reporter-output>
  <suite started-at="2023-01-03T12:38:16 IST" name="Command line suite" finished-at="2023-01-03T12:39:13 IST" duration-ms="57340">
    <groups>
    </groups>
    <test started-at="2023-01-03T12:38:16 IST" name="Command line test" finished-at="2023-01-03T12:39:13 IST" duration-ms="57340">
      <class name="TestScript.ActicustomerCreateTest">
        <test-method is-config="true" signature="launchBrowser()[pri:0, instance:TestScript.ActicustomerCreateTest@6ab778a]" started-at="2023-01-03T12:38:16 IST" name="launchBrowser" finished-at="2023-01-03T12:38:19 IST" duration-ms="3697" status="PASS">
          <reporter-output>
          </reporter-output>
        </test-method> <!-- launchBrowser -->
        <test-method is-config="true" signature="login()[pri:0, instance:TestScript.ActicustomerCreateTest@6ab778a]" started-at="2023-01-03T12:38:19 IST" name="login" finished-at="2023-01-03T12:38:26 IST" duration-ms="6590" status="PASS">
          <reporter-output>
          </reporter-output>
        </test-method> <!-- login -->
        <test-method signature="createCustomer()[pri:0, instance:TestScript.ActicustomerCreateTest@6ab778a]" started-at="2023-01-03T12:38:26 IST" name="createCustomer" finished-at="2023-01-03T12:38:34 IST" duration-ms="8235" status="PASS">
          <reporter-output>
            <line>
              <![CDATA[customer created sucessfully]]>
            </line>
          </reporter-output>
        </test-method> <!-- createCustomer -->
        <test-method is-config="true" signature="logOut()[pri:0, instance:TestScript.ActicustomerCreateTest@6ab778a]" started-at="2023-01-03T12:38:34 IST" name="logOut" finished-at="2023-01-03T12:38:36 IST" duration-ms="1601" status="PASS">
          <reporter-output>
          </reporter-output>
        </test-method> <!-- logOut -->
        <test-method is-config="true" signature="closeBrowser()[pri:0, instance:TestScript.ActicustomerCreateTest@6ab778a]" started-at="2023-01-03T12:38:36 IST" name="closeBrowser" finished-at="2023-01-03T12:38:36 IST" duration-ms="392" status="PASS">
          <reporter-output>
          </reporter-output>
        </test-method> <!-- closeBrowser -->
      </class> <!-- TestScript.ActicustomerCreateTest -->
      <class name="TestScript.AlertpopTest">
        <test-method is-config="true" signature="launchBrowser()[pri:0, instance:TestScript.AlertpopTest@68e5eea7]" started-at="2023-01-03T12:38:36 IST" name="launchBrowser" finished-at="2023-01-03T12:38:38 IST" duration-ms="1602" status="PASS">
          <reporter-output>
          </reporter-output>
        </test-method> <!-- launchBrowser -->
        <test-method is-config="true" signature="login()[pri:0, instance:TestScript.AlertpopTest@68e5eea7]" started-at="2023-01-03T12:38:38 IST" name="login" finished-at="2023-01-03T12:38:46 IST" duration-ms="8123" status="PASS">
          <reporter-output>
          </reporter-output>
        </test-method> <!-- login -->
        <test-method signature="alertpopup()[pri:0, instance:TestScript.AlertpopTest@68e5eea7]" started-at="2023-01-03T12:38:46 IST" name="alertpopup" finished-at="2023-01-03T12:38:53 IST" duration-ms="7248" status="PASS">
          <reporter-output>
          </reporter-output>
        </test-method> <!-- alertpopup -->
        <test-method is-config="true" signature="logOut()[pri:0, instance:TestScript.AlertpopTest@68e5eea7]" started-at="2023-01-03T12:38:53 IST" name="logOut" finished-at="2023-01-03T12:38:57 IST" duration-ms="3580" status="PASS">
          <reporter-output>
          </reporter-output>
        </test-method> <!-- logOut -->
        <test-method is-config="true" signature="closeBrowser()[pri:0, instance:TestScript.AlertpopTest@68e5eea7]" started-at="2023-01-03T12:38:57 IST" name="closeBrowser" finished-at="2023-01-03T12:39:13 IST" duration-ms="16209" status="PASS">
          <reporter-output>
          </reporter-output>
        </test-method> <!-- closeBrowser -->
      </class> <!-- TestScript.AlertpopTest -->
    </test> <!-- Command line test -->
  </suite> <!-- Command line suite -->
</testng-results>
